<?xml version="1.0" encoding="UTF-8"?>
<!-- Generated by org.testng.reporters.JUnitReportReporter -->
<testsuite hostname="ACSEDP183" failures="0" tests="7" name="CKYC.ICICI.CentralUser" time="62.044" errors="0" timestamp="2023-12-21T18:06:39 IST" skipped="0">
  <testcase classname="CKYC.ICICI.CentralUser" name="loginCentralUser" time="27.667"/>
  <system-out>
    <![CDATA[Thu Dec 21 18:05:05 IST 2023 - Central user logged in successfully]]>
  </system-out>
  <testcase classname="CKYC.ICICI.CentralUser" name="uploadDumpFile" time="6.875"/>
  <system-out>
    <![CDATA[Thu Dec 21 18:05:05 IST 2023 - Dump file upload started
Thu Dec 21 18:05:05 IST 2023 - Dump File detail already exists. Upload new file.]]>
  </system-out>
  <testcase classname="CKYC.ICICI.CentralUser" name="runImageService" time="1.401"/>
  <system-out>
    <![CDATA[Thu Dec 21 18:05:05 IST 2023 - Image Upload Service exe file executed]]>
  </system-out>
  <testcase classname="CKYC.ICICI.CentralUser" name="generateCkycBulkFile" time="4.809"/>
  <system-out>
    <![CDATA[Thu Dec 21 18:05:05 IST 2023 - CKYC Bulk File Generate Test Started
Thu Dec 21 18:05:05 IST 2023 - CKYC Bulk File export failed - No records to export.]]>
  </system-out>
  <testcase classname="CKYC.ICICI.CentralUser" name="uploadCkycResponce" time="5.156"/>
  <system-out>
    <![CDATA[Thu Dec 21 18:05:05 IST 2023 - CKYC Responce upload started
Thu Dec 21 18:05:05 IST 2023 - Response File detail already exists. Upload new file.]]>
  </system-out>
  <testcase classname="CKYC.ICICI.CentralUser" name="ckycIdGeneretedReport" time="10.000"/>
  <system-out>
    <![CDATA[Thu Dec 21 18:05:05 IST 2023 - CKYC ID Grnerate Report Test Start
Thu Dec 21 18:05:05 IST 2023 - CKYC Generated ID No records found]]>
  </system-out>
  <testcase classname="CKYC.ICICI.CentralUser" name="gerneratePendingCustomerReport" time="6.136"/>
  <system-out>
    <![CDATA[Thu Dec 21 18:05:05 IST 2023 - Generating pending customer Report
Thu Dec 21 18:05:05 IST 2023 - Pending Customer Report : No Records ]]>
  </system-out>
</testsuite> <!-- CKYC.ICICI.CentralUser -->
