<?xml version="1.0" encoding="UTF-8"?>
<!-- Generated by org.testng.reporters.JUnitReportReporter -->
<testsuite hostname="ACSEDP183" failures="0" tests="1" name="CKYC.ICICI.AllSearch" time="17.163" errors="0" timestamp="2023-12-21T18:06:39 IST" skipped="0">
  <testcase classname="CKYC.ICICI.AllSearch" name="allSearchDownload" time="17.163"/>
  <system-out>
    <![CDATA[Thu Dec 21 18:05:05 IST 2023 -  Multi Search and Download Started
Thu Dec 21 18:05:05 IST 2023 - Searching with Aadhar no
Thu Dec 21 18:05:05 IST 2023 - Searching with PAN no
Thu Dec 21 18:05:05 IST 2023 - Searching with VoterID
Thu Dec 21 18:05:05 IST 2023 - Searching with PassportNO
Thu Dec 21 18:05:05 IST 2023 - Searching with CKYCID
Thu Dec 21 18:05:05 IST 2023 - Invalid Aadhaar Number
Thu Dec 21 18:05:05 IST 2023 - Invalid PAN Number
Thu Dec 21 18:05:05 IST 2023 - Invalid Passport Number
Thu Dec 21 18:05:05 IST 2023 - Invalid CKYC Number]]>
  </system-out>
</testsuite> <!-- CKYC.ICICI.AllSearch -->
