<?xml version="1.0" encoding="UTF-8"?>
<!-- Generated by org.testng.reporters.JUnitReportReporter -->
<testsuite hostname="ACSEDP183" failures="0" tests="3" name="CKYC.ICICI.MakerUser" time="8.912" errors="0" timestamp="2023-12-21T18:06:39 IST" skipped="0">
  <testcase classname="CKYC.ICICI.MakerUser" name="makerUserLogin" time="2.286"/>
  <system-out>
    <![CDATA[Thu Dec 21 18:05:05 IST 2023 - Maker User LoggedIn]]>
  </system-out>
  <testcase classname="CKYC.ICICI.MakerUser" name="pendingCustomerDetails" time="2.521"/>
  <system-out>
    <![CDATA[Thu Dec 21 18:05:05 IST 2023 - Checking Pending customer count
Thu Dec 21 18:05:05 IST 2023 - Total 40 Pending customer found for makers Entry]]>
  </system-out>
  <testcase classname="CKYC.ICICI.MakerUser" name="pendingCustIsImgUpload" time="4.105"/>
  <system-out>
    <![CDATA[Thu Dec 21 18:05:05 IST 2023 - Checking images for recent pending customer
Thu Dec 21 18:05:05 IST 2023 - Img uploaded for select customer]]>
  </system-out>
</testsuite> <!-- CKYC.ICICI.MakerUser -->
