<?xml version="1.0" encoding="UTF-8"?>
<!-- Generated by org.testng.reporters.JUnitReportReporter -->
<testsuite hostname="ACSEDP183" failures="0" tests="1" name="CKYC.ICICI.AllSearch" time="17.378" errors="0" timestamp="2023-12-22T11:40:57 IST" skipped="0">
  <testcase classname="CKYC.ICICI.AllSearch" name="allSearchDownload" time="17.378"/>
  <system-out>
    <![CDATA[Fri Dec 22 11:36:43 IST 2023 -  Multi Search and Download Started
Fri Dec 22 11:36:43 IST 2023 - Searching with Aadhar no
Fri Dec 22 11:36:43 IST 2023 - Searching with PAN no
Fri Dec 22 11:36:43 IST 2023 - Searching with VoterID
Fri Dec 22 11:36:43 IST 2023 - Searching with PassportNO
Fri Dec 22 11:36:43 IST 2023 - Searching with CKYCID
Fri Dec 22 11:36:43 IST 2023 - Invalid Aadhaar Number
Fri Dec 22 11:36:43 IST 2023 - Invalid PAN Number
Fri Dec 22 11:36:43 IST 2023 - Invalid Passport Number
Fri Dec 22 11:36:43 IST 2023 - Invalid CKYC Number]]>
  </system-out>
</testsuite> <!-- CKYC.ICICI.AllSearch -->
