<?xml version="1.0" encoding="UTF-8"?>
<!-- Generated by org.testng.reporters.JUnitReportReporter -->
<testsuite hostname="ACSEDP183" failures="0" tests="3" name="CKYC.ICICI.MakerUser" time="10.179" errors="0" timestamp="2023-12-22T11:40:57 IST" skipped="0">
  <testcase classname="CKYC.ICICI.MakerUser" name="makerUserLogin" time="2.377"/>
  <system-out>
    <![CDATA[Fri Dec 22 11:36:43 IST 2023 - Maker User LoggedIn]]>
  </system-out>
  <testcase classname="CKYC.ICICI.MakerUser" name="pendingCustomerDetails" time="2.551"/>
  <system-out>
    <![CDATA[Fri Dec 22 11:36:43 IST 2023 - Checking Pending customer count
Fri Dec 22 11:36:43 IST 2023 - Total 40 Pending customer found for makers Entry]]>
  </system-out>
  <testcase classname="CKYC.ICICI.MakerUser" name="pendingCustIsImgUpload" time="5.251"/>
  <system-out>
    <![CDATA[Fri Dec 22 11:36:43 IST 2023 - Checking images for recent pending customer
Fri Dec 22 11:36:43 IST 2023 - Img uploaded for select customer]]>
  </system-out>
</testsuite> <!-- CKYC.ICICI.MakerUser -->
