<?xml version="1.0" encoding="UTF-8"?>
<!-- Generated by org.testng.reporters.JUnitReportReporter -->
<testsuite hostname="ACSEDP183" failures="0" tests="7" name="CKYC.ICICI.CentralUser" time="221.439" errors="0" timestamp="2023-12-22T11:40:57 IST" skipped="0">
  <testcase classname="CKYC.ICICI.CentralUser" name="loginCentralUser" time="179.157"/>
  <system-out>
    <![CDATA[Fri Dec 22 11:36:43 IST 2023 - Central user logged in successfully]]>
  </system-out>
  <testcase classname="CKYC.ICICI.CentralUser" name="uploadDumpFile" time="9.066"/>
  <system-out>
    <![CDATA[Fri Dec 22 11:36:43 IST 2023 - Dump file upload started
Fri Dec 22 11:36:43 IST 2023 - Dump File detail already exists. Upload new file.]]>
  </system-out>
  <testcase classname="CKYC.ICICI.CentralUser" name="runImageService" time="1.551"/>
  <system-out>
    <![CDATA[Fri Dec 22 11:36:43 IST 2023 - Image Upload Service exe file executed]]>
  </system-out>
  <testcase classname="CKYC.ICICI.CentralUser" name="generateCkycBulkFile" time="8.250"/>
  <system-out>
    <![CDATA[Fri Dec 22 11:36:43 IST 2023 - CKYC Bulk File Generate Test Started
Fri Dec 22 11:36:43 IST 2023 - CKYC Bulk File export failed - No records to export.]]>
  </system-out>
  <testcase classname="CKYC.ICICI.CentralUser" name="uploadCkycResponce" time="5.570"/>
  <system-out>
    <![CDATA[Fri Dec 22 11:36:43 IST 2023 - CKYC Responce upload started
Fri Dec 22 11:36:43 IST 2023 - Response File detail already exists. Upload new file.]]>
  </system-out>
  <testcase classname="CKYC.ICICI.CentralUser" name="ckycIdGeneretedReport" time="11.703"/>
  <system-out>
    <![CDATA[Fri Dec 22 11:36:43 IST 2023 - CKYC ID Grnerate Report Test Start
Fri Dec 22 11:36:43 IST 2023 - CKYC Generated ID No records found]]>
  </system-out>
  <testcase classname="CKYC.ICICI.CentralUser" name="gerneratePendingCustomerReport" time="6.142"/>
  <system-out>
    <![CDATA[Fri Dec 22 11:36:43 IST 2023 - Generating pending customer Report
Fri Dec 22 11:36:43 IST 2023 - Pending Customer Report : No Records ]]>
  </system-out>
</testsuite> <!-- CKYC.ICICI.CentralUser -->
